<?xml version="1.0" encoding="UTF-8"?>
<!-- Generated by org.testng.reporters.JUnitReportReporter -->
<testsuite skipped="0" hostname="MDs-MacBook-Pro.local" name="loginTest.ValidLoginTest" tests="1" failures="0" timestamp="10 Jun 2021 17:30:41 GMT" time="0.205" errors="0">
  <testcase name="verifySignInButtonDisplayed" time="0.205" classname="loginTest.ValidLoginTest"/>
</testsuite> <!-- loginTest.ValidLoginTest -->
